Using pre-set license
Built from '2021.3/staging' branch; Version is '2021.3.26f1 (a16dc32e0ff2) revision 10579395'; Using compiler version '192829333'; Build Type 'Release'
OS: 'Windows 11  (10.0.22621) 64bit Professional' Language: 'es' Physical Memory: 32674 MB
BatchMode: 1, IsHumanControllingUs: 0, StartBugReporterOnCrash: 0, Is64bit: 1, IsPro: 1

COMMAND LINE ARGUMENTS:
C:\Program Files\Unity\Hub\Editor\2021.3.26f1\Editor\Unity.exe
-adb2
-batchMode
-noUpm
-name
AssetImportWorker2
-projectPath
C:/Users/NUSO/Desktop/adrenaline_racers/RETO2_CH2
-logFile
Logs/AssetImportWorker2.log
-srvPort
51335
Successfully changed project path to: C:/Users/NUSO/Desktop/adrenaline_racers/RETO2_CH2
C:/Users/NUSO/Desktop/adrenaline_racers/RETO2_CH2
[UnityMemory] Configuration Parameters - Can be set up in boot.config
    "memorysetup-bucket-allocator-granularity=16"
    "memorysetup-bucket-allocator-bucket-count=8"
    "memorysetup-bucket-allocator-block-size=33554432"
    "memorysetup-bucket-allocator-block-count=8"
    "memorysetup-main-allocator-block-size=16777216"
    "memorysetup-thread-allocator-block-size=16777216"
    "memorysetup-gfx-main-allocator-block-size=16777216"
    "memorysetup-gfx-thread-allocator-block-size=16777216"
    "memorysetup-cache-allocator-block-size=4194304"
    "memorysetup-typetree-allocator-block-size=2097152"
    "memorysetup-profiler-bucket-allocator-granularity=16"
    "memorysetup-profiler-bucket-allocator-bucket-count=8"
    "memorysetup-profiler-bucket-allocator-block-size=33554432"
    "memorysetup-profiler-bucket-allocator-block-count=8"
    "memorysetup-profiler-allocator-block-size=16777216"
    "memorysetup-profiler-editor-allocator-block-size=1048576"
    "memorysetup-temp-allocator-size-main=16777216"
    "memorysetup-job-temp-allocator-block-size=2097152"
    "memorysetup-job-temp-allocator-block-size-background=1048576"
    "memorysetup-job-temp-allocator-reduction-small-platforms=262144"
    "memorysetup-temp-allocator-size-background-worker=32768"
    "memorysetup-temp-allocator-size-job-worker=262144"
    "memorysetup-temp-allocator-size-preload-manager=33554432"
    "memorysetup-temp-allocator-size-nav-mesh-worker=65536"
    "memorysetup-temp-allocator-size-audio-worker=65536"
    "memorysetup-temp-allocator-size-cloud-worker=32768"
    "memorysetup-temp-allocator-size-gi-baking-worker=262144"
    "memorysetup-temp-allocator-size-gfx=262144"
Player connection [25580] Host "[IP] 192.168.0.8 [Port] 0 [Flags] 2 [Guid] 1579779204 [EditorId] 1579779204 [Version] 1048832 [Id] WindowsEditor(7,DESKTOP-TTV6POI) [Debug] 1 [PackageName] WindowsEditor [ProjectName] Editor" joined multi-casting on [225.0.0.222:54997]...

Player connection [25580] Host "[IP] 192.168.0.8 [Port] 0 [Flags] 2 [Guid] 1579779204 [EditorId] 1579779204 [Version] 1048832 [Id] WindowsEditor(7,DESKTOP-TTV6POI) [Debug] 1 [PackageName] WindowsEditor [ProjectName] Editor" joined alternative multi-casting on [225.0.0.222:34997]...

Refreshing native plugins compatible for Editor in 91.03 ms, found 3 plugins.
Preloading 0 native plugins for Editor in 0.00 ms.
Initialize engine version: 2021.3.26f1 (a16dc32e0ff2)
[Subsystems] Discovering subsystems at path C:/Program Files/Unity/Hub/Editor/2021.3.26f1/Editor/Data/Resources/UnitySubsystems
[Subsystems] Discovering subsystems at path C:/Users/NUSO/Desktop/adrenaline_racers/RETO2_CH2/Assets
GfxDevice: creating device client; threaded=0; jobified=0
Direct3D:
    Version:  Direct3D 11.0 [level 11.1]
    Renderer: NVIDIA GeForce RTX 3050 (ID=0x2507)
    Vendor:   NVIDIA
    VRAM:     8070 MB
    Driver:   31.0.15.1694
Initialize mono
Mono path[0] = 'C:/Program Files/Unity/Hub/Editor/2021.3.26f1/Editor/Data/Managed'
Mono path[1] = 'C:/Program Files/Unity/Hub/Editor/2021.3.26f1/Editor/Data/MonoBleedingEdge/lib/mono/unityjit-win32'
Mono config path = 'C:/Program Files/Unity/Hub/Editor/2021.3.26f1/Editor/Data/MonoBleedingEdge/etc'
Using monoOptions --debugger-agent=transport=dt_socket,embedding=1,server=y,suspend=n,address=127.0.0.1:56244
Begin MonoManager ReloadAssembly
Registering precompiled unity dll's ...
Register platform support module: C:/Program Files/Unity/Hub/Editor/2021.3.26f1/Editor/Data/PlaybackEngines/WebGLSupport/UnityEditor.WebGL.Extensions.dll
Register platform support module: C:/Program Files/Unity/Hub/Editor/2021.3.26f1/Editor/Data/PlaybackEngines/AndroidPlayer/UnityEditor.Android.Extensions.dll
Register platform support module: C:/Program Files/Unity/Hub/Editor/2021.3.26f1/Editor/Data/PlaybackEngines/WindowsStandaloneSupport/UnityEditor.WindowsStandalone.Extensions.dll
Registered in 0.010037 seconds.
Native extension for WindowsStandalone target not found
Native extension for Android target not found
Native extension for WebGL target not found
Refreshing native plugins compatible for Editor in 64.76 ms, found 3 plugins.
Preloading 0 native plugins for Editor in 0.00 ms.
Mono: successfully reloaded assembly
- Completed reload, in  0.607 seconds
Domain Reload Profiling:
	ReloadAssembly (607ms)
		BeginReloadAssembly (86ms)
			ExecutionOrderSort (0ms)
			DisableScriptedObjects (0ms)
			BackupInstance (0ms)
			ReleaseScriptingObjects (0ms)
			CreateAndSetChildDomain (1ms)
		EndReloadAssembly (422ms)
			LoadAssemblies (83ms)
			RebuildTransferFunctionScriptingTraits (0ms)
			SetupTypeCache (92ms)
			ReleaseScriptCaches (0ms)
			RebuildScriptCaches (22ms)
			SetupLoadedEditorAssemblies (258ms)
				LogAssemblyErrors (0ms)
				InitializePlatformSupportModulesInManaged (72ms)
				SetLoadedEditorAssemblies (0ms)
				RefreshPlugins (65ms)
				BeforeProcessingInitializeOnLoad (1ms)
				ProcessInitializeOnLoadAttributes (80ms)
				ProcessInitializeOnLoadMethodAttributes (40ms)
				AfterProcessingInitializeOnLoad (0ms)
				EditorAssembliesLoaded (0ms)
			ExecutionOrderSort2 (0ms)
			AwakeInstancesAfterBackupRestoration (0ms)
Platform modules already initialized, skipping
Registering precompiled user dll's ...
Registered in 0.009822 seconds.
Begin MonoManager ReloadAssembly
Symbol file LoadedFromMemory doesn't match image C:\Users\NUSO\Desktop\adrenaline_racers\RETO2_CH2\Library\PackageCache\com.unity.visualscripting@1.8.0\Editor\VisualScripting.Core\Dependencies\YamlDotNet\Unity.VisualScripting.YamlDotNet.dll
Symbol file LoadedFromMemory doesn't match image C:\Users\NUSO\Desktop\adrenaline_racers\RETO2_CH2\Library\PackageCache\com.unity.visualscripting@1.8.0\Editor\VisualScripting.Core\Dependencies\DotNetZip\Unity.VisualScripting.IonicZip.dll
Native extension for WindowsStandalone target not found
Native extension for Android target not found
Native extension for WebGL target not found
Refreshing native plugins compatible for Editor in 0.63 ms, found 3 plugins.
Preloading 0 native plugins for Editor in 0.00 ms.
Mono: successfully reloaded assembly
- Completed reload, in  0.947 seconds
Domain Reload Profiling:
	ReloadAssembly (948ms)
		BeginReloadAssembly (115ms)
			ExecutionOrderSort (0ms)
			DisableScriptedObjects (5ms)
			BackupInstance (0ms)
			ReleaseScriptingObjects (0ms)
			CreateAndSetChildDomain (18ms)
		EndReloadAssembly (733ms)
			LoadAssemblies (94ms)
			RebuildTransferFunctionScriptingTraits (0ms)
			SetupTypeCache (234ms)
			ReleaseScriptCaches (1ms)
			RebuildScriptCaches (45ms)
			SetupLoadedEditorAssemblies (333ms)
				LogAssemblyErrors (0ms)
				InitializePlatformSupportModulesInManaged (21ms)
				SetLoadedEditorAssemblies (0ms)
				RefreshPlugins (1ms)
				BeforeProcessingInitializeOnLoad (73ms)
				ProcessInitializeOnLoadAttributes (209ms)
				ProcessInitializeOnLoadMethodAttributes (18ms)
				AfterProcessingInitializeOnLoad (11ms)
				EditorAssembliesLoaded (0ms)
			ExecutionOrderSort2 (0ms)
			AwakeInstancesAfterBackupRestoration (5ms)
Platform modules already initialized, skipping
========================================================================
Worker process is ready to serve import requests
Launched and connected shader compiler UnityShaderCompiler.exe after 0.06 seconds
Refreshing native plugins compatible for Editor in 0.64 ms, found 3 plugins.
Preloading 0 native plugins for Editor in 0.00 ms.
Unloading 3266 Unused Serialized files (Serialized files now loaded: 0)
Unloading 35 unused Assets / (357.2 KB). Loaded Objects now: 3733.
Memory consumption went from 122.8 MB to 122.5 MB.
Total: 3.575400 ms (FindLiveObjects: 0.570900 ms CreateObjectMapping: 0.256000 ms MarkObjects: 2.669400 ms  DeleteObjects: 0.078100 ms)

AssetImportParameters requested are different than current active one (requested -> active):
  custom:video-decoder-ogg-theora: a1e56fd34408186e4bbccfd4996cb3dc -> 
  custom:container-muxer-webm: aa71ff27fc2769a1b78a27578f13a17b -> 
  custom:container-demuxer-webm: 4f35f7cbe854078d1ac9338744f61a02 -> 
  custom:video-encoder-webm-vp8: eb34c28f22e8b96e1ab97ce403110664 -> 
  custom:audio-encoder-webm-vorbis: bf7c407c2cedff20999df2af8eb42d56 -> 
  custom:framework-win-MediaFoundation: 216162199b28c13a410421893ffa2e32 -> 
  custom:container-demuxer-ogg: 62fdf1f143b41e24485cea50d1cbac27 -> 
  custom:video-decoder-webm-vp8: 9c59270c3fd7afecdb556c50c9e8de78 -> 
  custom:audio-decoder-ogg-vorbis: bf7c407c2cedff20999df2af8eb42d56 -> 
========================================================================
Received Import Request.
  Time since last request: 6154.582310 seconds.
  path: Assets/Materiales
  artifactKey: Guid(551469f5e178e1d44a9475bf8ac81535) Importer(815301076,1909f56bfc062723c751e8b465ee728b)
Start importing Assets/Materiales using Guid(551469f5e178e1d44a9475bf8ac81535) Importer(815301076,1909f56bfc062723c751e8b465ee728b)  -> (artifact id: '42047b9f3b1385c0bdcc0a94005b98bd') in 0.010044 seconds 
========================================================================
Received Import Request.
  Time since last request: 0.028242 seconds.
  path: Assets/Materiales/amarillo.mat
  artifactKey: Guid(07cf1f71ec4bf0f4eb6facb399a5db3d) Importer(815301076,1909f56bfc062723c751e8b465ee728b)
Start importing Assets/Materiales/amarillo.mat using Guid(07cf1f71ec4bf0f4eb6facb399a5db3d) Importer(815301076,1909f56bfc062723c751e8b465ee728b)  -> (artifact id: 'e28f97343df8d859e6b3e23587e8630b') in 0.086931 seconds 
========================================================================
Received Import Request.
  Time since last request: 2.924079 seconds.
  path: Assets/Materiales 1
  artifactKey: Guid(6d44c6fff8bdece448df9d6e08251a86) Importer(815301076,1909f56bfc062723c751e8b465ee728b)
Start importing Assets/Materiales 1 using Guid(6d44c6fff8bdece448df9d6e08251a86) Importer(815301076,1909f56bfc062723c751e8b465ee728b)  -> (artifact id: '6578d5a5b9d6f63057d2e28506e4375b') in 0.004058 seconds 
========================================================================
Received Import Request.
  Time since last request: 0.020436 seconds.
  path: Assets/Materiales 1/Amarillo.mat
  artifactKey: Guid(6ad780366d105814381854f5a48b2905) Importer(815301076,1909f56bfc062723c751e8b465ee728b)
Start importing Assets/Materiales 1/Amarillo.mat using Guid(6ad780366d105814381854f5a48b2905) Importer(815301076,1909f56bfc062723c751e8b465ee728b)  -> (artifact id: 'abae04e1a9acb5c48ce651b6977113a0') in 0.010961 seconds 
========================================================================
Received Import Request.
  Time since last request: 2.776032 seconds.
  path: Assets/Materials
  artifactKey: Guid(d79549a15eb43864189cd1818ce665ee) Importer(815301076,1909f56bfc062723c751e8b465ee728b)
Start importing Assets/Materials using Guid(d79549a15eb43864189cd1818ce665ee) Importer(815301076,1909f56bfc062723c751e8b465ee728b)  -> (artifact id: '8a4b2ef695bdcca48e28963fa25f9d0b') in 0.004251 seconds 
========================================================================
Received Import Request.
  Time since last request: 0.044175 seconds.
  path: Assets/Materials/New Material.mat
  artifactKey: Guid(abfc1cd6d7c877f4180cddcf3f61419a) Importer(815301076,1909f56bfc062723c751e8b465ee728b)
Start importing Assets/Materials/New Material.mat using Guid(abfc1cd6d7c877f4180cddcf3f61419a) Importer(815301076,1909f56bfc062723c751e8b465ee728b)  -> (artifact id: '372cd2ebb627df9f404c55fb1e660264') in 0.010449 seconds 
========================================================================
Received Import Request.
  Time since last request: 0.000020 seconds.
  path: Assets/Materials/verde.mat
  artifactKey: Guid(a72f03261054227408b62f4f47f185c0) Importer(815301076,1909f56bfc062723c751e8b465ee728b)
Start importing Assets/Materials/verde.mat using Guid(a72f03261054227408b62f4f47f185c0) Importer(815301076,1909f56bfc062723c751e8b465ee728b)  -> (artifact id: 'c1b69ca8015cbc15721a58fc48bb738e') in 0.010502 seconds 
========================================================================
Received Import Request.
  Time since last request: 3.235253 seconds.
  path: Assets/Models
  artifactKey: Guid(91258777c3c0f5849a1a9e63dd233139) Importer(815301076,1909f56bfc062723c751e8b465ee728b)
Start importing Assets/Models using Guid(91258777c3c0f5849a1a9e63dd233139) Importer(815301076,1909f56bfc062723c751e8b465ee728b)  -> (artifact id: '7176530f9df00a74e7c5a80386846988') in 0.004318 seconds 
========================================================================
Received Import Request.
  Time since last request: 2.803782 seconds.
  path: Assets/MyCharacter
  artifactKey: Guid(5a853ec85581c4843af4d56fbd0c9f16) Importer(815301076,1909f56bfc062723c751e8b465ee728b)
Start importing Assets/MyCharacter using Guid(5a853ec85581c4843af4d56fbd0c9f16) Importer(815301076,1909f56bfc062723c751e8b465ee728b)  -> (artifact id: 'a4699d91d167c23adc4b5a01650c5f28') in 0.004332 seconds 
========================================================================
Received Import Request.
  Time since last request: 3.509019 seconds.
  path: Assets/MyCharacter/VIdeos
  artifactKey: Guid(8891bee75ee75ce4eaa63b831b608d14) Importer(815301076,1909f56bfc062723c751e8b465ee728b)
Start importing Assets/MyCharacter/VIdeos using Guid(8891bee75ee75ce4eaa63b831b608d14) Importer(815301076,1909f56bfc062723c751e8b465ee728b)  -> (artifact id: 'dd11fac0d4a36942d50dff721eb9edee') in 0.004245 seconds 
========================================================================
Received Import Request.
  Time since last request: 0.030570 seconds.
  path: Assets/MyCharacter/VIdeos/Vídeo sin título ‐ Hecho con Clipchamp.mp4
  artifactKey: Guid(5aa85d7f89be4e745a8995788788287a) Importer(815301076,1909f56bfc062723c751e8b465ee728b)
Start importing Assets/MyCharacter/VIdeos/Vídeo sin título ‐ Hecho con Clipchamp.mp4 using Guid(5aa85d7f89be4e745a8995788788287a) Importer(815301076,1909f56bfc062723c751e8b465ee728b)  -> (artifact id: '411321aa2f7f332703d905e64b435b80') in 0.008289 seconds 
========================================================================
Received Import Request.
  Time since last request: 4.930764 seconds.
  path: Assets/Pista/FBX format
  artifactKey: Guid(defc9044c2f47ba408c3a73c494f3e49) Importer(815301076,1909f56bfc062723c751e8b465ee728b)
Start importing Assets/Pista/FBX format using Guid(defc9044c2f47ba408c3a73c494f3e49) Importer(815301076,1909f56bfc062723c751e8b465ee728b)  -> (artifact id: '8728750d3d52af9fb432e389167da5c7') in 0.004277 seconds 
========================================================================
Received Import Request.
  Time since last request: 1.178548 seconds.
  path: Assets/Pista/FBX format/bannerTowerGreen.fbx
  artifactKey: Guid(2d93bfc1210cc724db98924b1d550b50) Importer(815301076,1909f56bfc062723c751e8b465ee728b)
Start importing Assets/Pista/FBX format/bannerTowerGreen.fbx using Guid(2d93bfc1210cc724db98924b1d550b50) Importer(815301076,1909f56bfc062723c751e8b465ee728b)  -> (artifact id: '4ee4f4856f1cb7da156afc3fd3284375') in 0.067210 seconds 
========================================================================
Received Import Request.
  Time since last request: 0.000016 seconds.
  path: Assets/Pista/FBX format/roadStartPositions.fbx
  artifactKey: Guid(eb3302bd1f7a58e4a80945d49df4aaeb) Importer(815301076,1909f56bfc062723c751e8b465ee728b)
Start importing Assets/Pista/FBX format/roadStartPositions.fbx using Guid(eb3302bd1f7a58e4a80945d49df4aaeb) Importer(815301076,1909f56bfc062723c751e8b465ee728b)  -> (artifact id: '2efe6ef7454561dee7ad27369aa2c435') in 0.023188 seconds 
========================================================================
Received Import Request.
  Time since last request: 0.000023 seconds.
  path: Assets/Pista/FBX format/roadRampLongCurvedWall.fbx
  artifactKey: Guid(10c311c94b5cd45438e0316821681dc1) Importer(815301076,1909f56bfc062723c751e8b465ee728b)
Start importing Assets/Pista/FBX format/roadRampLongCurvedWall.fbx using Guid(10c311c94b5cd45438e0316821681dc1) Importer(815301076,1909f56bfc062723c751e8b465ee728b)  -> (artifact id: '64970ff466bfaf36d687bd8b63b6e7b7') in 0.024168 seconds 
========================================================================
Received Import Request.
  Time since last request: 0.000024 seconds.
  path: Assets/Pista/FBX format/roadStraightLongMid.fbx
  artifactKey: Guid(687229d6c5be1bf48a40b0e6abd3e820) Importer(815301076,1909f56bfc062723c751e8b465ee728b)
Start importing Assets/Pista/FBX format/roadStraightLongMid.fbx using Guid(687229d6c5be1bf48a40b0e6abd3e820) Importer(815301076,1909f56bfc062723c751e8b465ee728b)  -> (artifact id: '6f3e6d3029e7a54adf9fa7adddf6d3b3') in 0.021612 seconds 
========================================================================
Received Import Request.
  Time since last request: 5.916935 seconds.
  path: Assets/Prefabcarros
  artifactKey: Guid(736738a2e3f475946b3328ad89b2487d) Importer(815301076,1909f56bfc062723c751e8b465ee728b)
Start importing Assets/Prefabcarros using Guid(736738a2e3f475946b3328ad89b2487d) Importer(815301076,1909f56bfc062723c751e8b465ee728b)  -> (artifact id: 'f69219b786a14edddb66b0905ea2d196') in 0.004066 seconds 
========================================================================
Received Import Request.
  Time since last request: 0.032658 seconds.
  path: Assets/Prefabcarros/enviromentkevin.prefab
  artifactKey: Guid(2f2f267aaa60b0b4999a66fee4568249) Importer(815301076,1909f56bfc062723c751e8b465ee728b)
Start importing Assets/Prefabcarros/enviromentkevin.prefab using Guid(2f2f267aaa60b0b4999a66fee4568249) Importer(815301076,1909f56bfc062723c751e8b465ee728b)  -> (artifact id: '832e1fbb6b088d5716ef4bd93433232d') in 0.032998 seconds 
========================================================================
Received Import Request.
  Time since last request: 4.547088 seconds.
  path: Assets/Scenes
  artifactKey: Guid(26bda11427e3b8745a381318ca88f500) Importer(815301076,1909f56bfc062723c751e8b465ee728b)
Start importing Assets/Scenes using Guid(26bda11427e3b8745a381318ca88f500) Importer(815301076,1909f56bfc062723c751e8b465ee728b)  -> (artifact id: 'ee89bcfe88f4008b55ace790c460089d') in 0.004128 seconds 
========================================================================
Received Import Request.
  Time since last request: 3.445574 seconds.
  path: Assets/Scripts
  artifactKey: Guid(ff1c75f63f2b770418995b4ea0cea19a) Importer(815301076,1909f56bfc062723c751e8b465ee728b)
Start importing Assets/Scripts using Guid(ff1c75f63f2b770418995b4ea0cea19a) Importer(815301076,1909f56bfc062723c751e8b465ee728b)  -> (artifact id: '10d27b1dbd365b0a99aa7b2f1d997bc4') in 0.004254 seconds 
