Using pre-set license
Built from '2021.3/staging' branch; Version is '2021.3.26f1 (a16dc32e0ff2) revision 10579395'; Using compiler version '192829333'; Build Type 'Release'
OS: 'Windows 11  (10.0.22621) 64bit CoreSingleLanguage' Language: 'es' Physical Memory: 7968 MB
BatchMode: 1, IsHumanControllingUs: 0, StartBugReporterOnCrash: 0, Is64bit: 1, IsPro: 1

COMMAND LINE ARGUMENTS:
C:\Program Files\Unity\Hub\Editor\2021.3.26f1\Editor\Unity.exe
-adb2
-batchMode
-noUpm
-name
AssetImportWorker0
-projectPath
C:/Users/Kevin Velandia/Desktop/PROTECTOS UNITY/RETO2_CH2
-logFile
Logs/AssetImportWorker0.log
-srvPort
55256
Successfully changed project path to: C:/Users/Kevin Velandia/Desktop/PROTECTOS UNITY/RETO2_CH2
C:/Users/Kevin Velandia/Desktop/PROTECTOS UNITY/RETO2_CH2
[UnityMemory] Configuration Parameters - Can be set up in boot.config
    "memorysetup-bucket-allocator-granularity=16"
    "memorysetup-bucket-allocator-bucket-count=8"
    "memorysetup-bucket-allocator-block-size=33554432"
    "memorysetup-bucket-allocator-block-count=8"
    "memorysetup-main-allocator-block-size=16777216"
    "memorysetup-thread-allocator-block-size=16777216"
    "memorysetup-gfx-main-allocator-block-size=16777216"
    "memorysetup-gfx-thread-allocator-block-size=16777216"
    "memorysetup-cache-allocator-block-size=4194304"
    "memorysetup-typetree-allocator-block-size=2097152"
    "memorysetup-profiler-bucket-allocator-granularity=16"
    "memorysetup-profiler-bucket-allocator-bucket-count=8"
    "memorysetup-profiler-bucket-allocator-block-size=33554432"
    "memorysetup-profiler-bucket-allocator-block-count=8"
    "memorysetup-profiler-allocator-block-size=16777216"
    "memorysetup-profiler-editor-allocator-block-size=1048576"
    "memorysetup-temp-allocator-size-main=16777216"
    "memorysetup-job-temp-allocator-block-size=2097152"
    "memorysetup-job-temp-allocator-block-size-background=1048576"
    "memorysetup-job-temp-allocator-reduction-small-platforms=262144"
    "memorysetup-temp-allocator-size-background-worker=32768"
    "memorysetup-temp-allocator-size-job-worker=262144"
    "memorysetup-temp-allocator-size-preload-manager=33554432"
    "memorysetup-temp-allocator-size-nav-mesh-worker=65536"
    "memorysetup-temp-allocator-size-audio-worker=65536"
    "memorysetup-temp-allocator-size-cloud-worker=32768"
    "memorysetup-temp-allocator-size-gi-baking-worker=262144"
    "memorysetup-temp-allocator-size-gfx=262144"
Player connection [16872] Host "[IP] 192.168.1.2 [Port] 0 [Flags] 2 [Guid] 1933022401 [EditorId] 1933022401 [Version] 1048832 [Id] WindowsEditor(7,LAPTOP-SRC20J2O) [Debug] 1 [PackageName] WindowsEditor [ProjectName] Editor" joined multi-casting on [225.0.0.222:54997]...

Player connection [16872] Host "[IP] 192.168.1.2 [Port] 0 [Flags] 2 [Guid] 1933022401 [EditorId] 1933022401 [Version] 1048832 [Id] WindowsEditor(7,LAPTOP-SRC20J2O) [Debug] 1 [PackageName] WindowsEditor [ProjectName] Editor" joined alternative multi-casting on [225.0.0.222:34997]...

Refreshing native plugins compatible for Editor in 195.71 ms, found 3 plugins.
Preloading 0 native plugins for Editor in 0.00 ms.
Initialize engine version: 2021.3.26f1 (a16dc32e0ff2)
[Subsystems] Discovering subsystems at path C:/Program Files/Unity/Hub/Editor/2021.3.26f1/Editor/Data/Resources/UnitySubsystems
[Subsystems] Discovering subsystems at path C:/Users/Kevin Velandia/Desktop/PROTECTOS UNITY/RETO2_CH2/Assets
GfxDevice: creating device client; threaded=0; jobified=0
Direct3D:
    Version:  Direct3D 11.0 [level 11.1]
    Renderer: NVIDIA GeForce GTX 1650 (ID=0x1f99)
    Vendor:   NVIDIA
    VRAM:     3962 MB
    Driver:   30.0.15.1278
Initialize mono
Mono path[0] = 'C:/Program Files/Unity/Hub/Editor/2021.3.26f1/Editor/Data/Managed'
Mono path[1] = 'C:/Program Files/Unity/Hub/Editor/2021.3.26f1/Editor/Data/MonoBleedingEdge/lib/mono/unityjit-win32'
Mono config path = 'C:/Program Files/Unity/Hub/Editor/2021.3.26f1/Editor/Data/MonoBleedingEdge/etc'
Using monoOptions --debugger-agent=transport=dt_socket,embedding=1,server=y,suspend=n,address=127.0.0.1:56616
Begin MonoManager ReloadAssembly
Registering precompiled unity dll's ...
Register platform support module: C:/Program Files/Unity/Hub/Editor/2021.3.26f1/Editor/Data/PlaybackEngines/AndroidPlayer/UnityEditor.Android.Extensions.dll
Register platform support module: C:/Program Files/Unity/Hub/Editor/2021.3.26f1/Editor/Data/PlaybackEngines/WindowsStandaloneSupport/UnityEditor.WindowsStandalone.Extensions.dll
Registered in 0.010122 seconds.
Native extension for WindowsStandalone target not found
Native extension for Android target not found
Android Extension - Scanning For ADB Devices 359 ms
Refreshing native plugins compatible for Editor in 89.01 ms, found 3 plugins.
Preloading 0 native plugins for Editor in 0.00 ms.
Mono: successfully reloaded assembly
- Completed reload, in  1.415 seconds
Domain Reload Profiling:
	ReloadAssembly (1416ms)
		BeginReloadAssembly (187ms)
			ExecutionOrderSort (0ms)
			DisableScriptedObjects (0ms)
			BackupInstance (0ms)
			ReleaseScriptingObjects (0ms)
			CreateAndSetChildDomain (3ms)
		EndReloadAssembly (1113ms)
			LoadAssemblies (182ms)
			RebuildTransferFunctionScriptingTraits (0ms)
			SetupTypeCache (190ms)
			ReleaseScriptCaches (0ms)
			RebuildScriptCaches (56ms)
			SetupLoadedEditorAssemblies (763ms)
				LogAssemblyErrors (0ms)
				InitializePlatformSupportModulesInManaged (470ms)
				SetLoadedEditorAssemblies (0ms)
				RefreshPlugins (89ms)
				BeforeProcessingInitializeOnLoad (1ms)
				ProcessInitializeOnLoadAttributes (111ms)
				ProcessInitializeOnLoadMethodAttributes (91ms)
				AfterProcessingInitializeOnLoad (0ms)
				EditorAssembliesLoaded (0ms)
			ExecutionOrderSort2 (0ms)
			AwakeInstancesAfterBackupRestoration (0ms)
Platform modules already initialized, skipping
Registering precompiled user dll's ...
Registered in 0.020516 seconds.
Begin MonoManager ReloadAssembly
Symbol file LoadedFromMemory doesn't match image C:\Users\Kevin Velandia\Desktop\PROTECTOS UNITY\RETO2_CH2\Library\PackageCache\com.unity.visualscripting@1.8.0\Editor\VisualScripting.Core\Dependencies\YamlDotNet\Unity.VisualScripting.YamlDotNet.dll
Symbol file LoadedFromMemory doesn't match image C:\Users\Kevin Velandia\Desktop\PROTECTOS UNITY\RETO2_CH2\Library\PackageCache\com.unity.visualscripting@1.8.0\Editor\VisualScripting.Core\Dependencies\DotNetZip\Unity.VisualScripting.IonicZip.dll
Native extension for WindowsStandalone target not found
Native extension for Android target not found
Refreshing native plugins compatible for Editor in 1.52 ms, found 3 plugins.
Preloading 0 native plugins for Editor in 0.00 ms.
Mono: successfully reloaded assembly
- Completed reload, in  1.610 seconds
Domain Reload Profiling:
	ReloadAssembly (1612ms)
		BeginReloadAssembly (178ms)
			ExecutionOrderSort (0ms)
			DisableScriptedObjects (8ms)
			BackupInstance (0ms)
			ReleaseScriptingObjects (0ms)
			CreateAndSetChildDomain (24ms)
		EndReloadAssembly (1258ms)
			LoadAssemblies (187ms)
			RebuildTransferFunctionScriptingTraits (0ms)
			SetupTypeCache (400ms)
			ReleaseScriptCaches (1ms)
			RebuildScriptCaches (88ms)
			SetupLoadedEditorAssemblies (560ms)
				LogAssemblyErrors (0ms)
				InitializePlatformSupportModulesInManaged (34ms)
				SetLoadedEditorAssemblies (1ms)
				RefreshPlugins (2ms)
				BeforeProcessingInitializeOnLoad (142ms)
				ProcessInitializeOnLoadAttributes (349ms)
				ProcessInitializeOnLoadMethodAttributes (23ms)
				AfterProcessingInitializeOnLoad (10ms)
				EditorAssembliesLoaded (0ms)
			ExecutionOrderSort2 (0ms)
			AwakeInstancesAfterBackupRestoration (7ms)
Platform modules already initialized, skipping
========================================================================
Worker process is ready to serve import requests
Launched and connected shader compiler UnityShaderCompiler.exe after 0.07 seconds
Refreshing native plugins compatible for Editor in 1.59 ms, found 3 plugins.
Preloading 0 native plugins for Editor in 0.00 ms.
Unloading 3274 Unused Serialized files (Serialized files now loaded: 0)
Unloading 35 unused Assets / (357.7 KB). Loaded Objects now: 3749.
Memory consumption went from 197.5 MB to 197.2 MB.
Total: 7.235800 ms (FindLiveObjects: 0.506700 ms CreateObjectMapping: 0.796900 ms MarkObjects: 5.752700 ms  DeleteObjects: 0.177800 ms)

AssetImportParameters requested are different than current active one (requested -> active):
  custom:video-decoder-ogg-theora: a1e56fd34408186e4bbccfd4996cb3dc -> 
  custom:container-muxer-webm: aa71ff27fc2769a1b78a27578f13a17b -> 
  custom:container-demuxer-webm: 4f35f7cbe854078d1ac9338744f61a02 -> 
  custom:video-encoder-webm-vp8: eb34c28f22e8b96e1ab97ce403110664 -> 
  custom:video-codec-MediaFoundation-h265: 746d11721c4dcdbdad8f713fa42b33f4 -> 
  custom:audio-encoder-webm-vorbis: bf7c407c2cedff20999df2af8eb42d56 -> 
  custom:framework-win-MediaFoundation: 216162199b28c13a410421893ffa2e32 -> 
  custom:container-demuxer-ogg: 62fdf1f143b41e24485cea50d1cbac27 -> 
  custom:video-decoder-webm-vp8: 9c59270c3fd7afecdb556c50c9e8de78 -> 
  custom:audio-decoder-ogg-vorbis: bf7c407c2cedff20999df2af8eb42d56 -> 
========================================================================
Received Import Request.
  Time since last request: 388220.548489 seconds.
  path: Assets/BOTONES/Sci-fi Buttons and Panels
  artifactKey: Guid(6f0b98bf97a60bb47beb11abcfbe3192) Importer(815301076,1909f56bfc062723c751e8b465ee728b)
Start importing Assets/BOTONES/Sci-fi Buttons and Panels using Guid(6f0b98bf97a60bb47beb11abcfbe3192) Importer(815301076,1909f56bfc062723c751e8b465ee728b)  -> (artifact id: '27b3e1e0515f9abc77f10f07476c050c') in 0.024564 seconds 
========================================================================
Received Import Request.
  Time since last request: 0.000040 seconds.
  path: Assets/Camilo/Fuentes
  artifactKey: Guid(622e04fbdc87fbc4b88d793782435f63) Importer(815301076,1909f56bfc062723c751e8b465ee728b)
Start importing Assets/Camilo/Fuentes using Guid(622e04fbdc87fbc4b88d793782435f63) Importer(815301076,1909f56bfc062723c751e8b465ee728b)  -> (artifact id: '85b7ea4aa7f7a4628267a794e8db86a8') in 0.027903 seconds 
========================================================================
Received Import Request.
  Time since last request: 0.000168 seconds.
  path: Assets/Camilo/Fuentes/ARCADE_N.TTF
  artifactKey: Guid(ca30be84f533fae468295b22b8b61cef) Importer(815301076,1909f56bfc062723c751e8b465ee728b)
Start importing Assets/Camilo/Fuentes/ARCADE_N.TTF using Guid(ca30be84f533fae468295b22b8b61cef) Importer(815301076,1909f56bfc062723c751e8b465ee728b)  -> (artifact id: 'ddab6591ab56f8cf26da0406a83875ca') in 0.350087 seconds 
========================================================================
Received Import Request.
  Time since last request: 0.293068 seconds.
  path: Assets/BOTONES/Sci-fi Buttons and Panels/Sci-fi Components Resources
  artifactKey: Guid(43d761d78c9b8e948b32724b491b91f8) Importer(815301076,1909f56bfc062723c751e8b465ee728b)
Start importing Assets/BOTONES/Sci-fi Buttons and Panels/Sci-fi Components Resources using Guid(43d761d78c9b8e948b32724b491b91f8) Importer(815301076,1909f56bfc062723c751e8b465ee728b)  -> (artifact id: 'b5676a06706d103598cbcf7ae038d4cc') in 0.025763 seconds 
========================================================================
Received Import Request.
  Time since last request: 0.737507 seconds.
  path: Assets/BOTONES/Sci-fi Buttons and Panels/Sci-fi Components Resources/Sliced elements
  artifactKey: Guid(497a30274dc544e469e3cf3af7868c3e) Importer(815301076,1909f56bfc062723c751e8b465ee728b)
Start importing Assets/BOTONES/Sci-fi Buttons and Panels/Sci-fi Components Resources/Sliced elements using Guid(497a30274dc544e469e3cf3af7868c3e) Importer(815301076,1909f56bfc062723c751e8b465ee728b)  -> (artifact id: 'bee3dff0d7ca60a784a445d4c32482d9') in 0.081471 seconds 
========================================================================
Received Import Request.
  Time since last request: 0.840401 seconds.
  path: Assets/BOTONES/Sci-fi Buttons and Panels/Sci-fi Components Resources/Sliced elements/Part01
  artifactKey: Guid(c3ee67b897500874b9ea0713003ece98) Importer(815301076,1909f56bfc062723c751e8b465ee728b)
Start importing Assets/BOTONES/Sci-fi Buttons and Panels/Sci-fi Components Resources/Sliced elements/Part01 using Guid(c3ee67b897500874b9ea0713003ece98) Importer(815301076,1909f56bfc062723c751e8b465ee728b)  -> (artifact id: '2a3be8a9e8945478a979ac8f5c51fb22') in 0.070813 seconds 
========================================================================
Received Import Request.
  Time since last request: 26.095844 seconds.
  path: Assets/OtrosMateriales/TextMesh Pro/Examples & Extras/Resources/Color Gradient Presets/Blue to Purple - Vertical.asset
  artifactKey: Guid(479a66fa4b094512a62b0a8e553ad95a) Importer(815301076,1909f56bfc062723c751e8b465ee728b)
Start importing Assets/OtrosMateriales/TextMesh Pro/Examples & Extras/Resources/Color Gradient Presets/Blue to Purple - Vertical.asset using Guid(479a66fa4b094512a62b0a8e553ad95a) Importer(815301076,1909f56bfc062723c751e8b465ee728b)  -> (artifact id: '2936098622c9c2249f11dc9b8685cc61') in 0.057034 seconds 
========================================================================
Received Import Request.
  Time since last request: 0.000029 seconds.
  path: Assets/OtrosMateriales/TextMesh Pro/Examples & Extras/Resources/Color Gradient Presets/Dark to Light Green - Vertical.asset
  artifactKey: Guid(4c86a3366cd840348ebe8dc438570ee4) Importer(815301076,1909f56bfc062723c751e8b465ee728b)
Start importing Assets/OtrosMateriales/TextMesh Pro/Examples & Extras/Resources/Color Gradient Presets/Dark to Light Green - Vertical.asset using Guid(4c86a3366cd840348ebe8dc438570ee4) Importer(815301076,1909f56bfc062723c751e8b465ee728b)  -> (artifact id: '78c05da75c8908d1f256c4838b670561') in 0.029622 seconds 
========================================================================
Received Import Request.
  Time since last request: 1.924692 seconds.
  path: Assets/IMAGENES/Captura de pantalla 2023-10-29 204319.png
  artifactKey: Guid(ee5b3796109b095499dd1b19c3c1f015) Importer(815301076,1909f56bfc062723c751e8b465ee728b)
Start importing Assets/IMAGENES/Captura de pantalla 2023-10-29 204319.png using Guid(ee5b3796109b095499dd1b19c3c1f015) Importer(815301076,1909f56bfc062723c751e8b465ee728b)  -> (artifact id: '89b5a4a8c903bd63b1966b1acce42ce5') in 0.176236 seconds 
Editor requested this worker to shutdown with reason: Scaling down because of idle timeout
AssetImportWorker is now disconnected from the server
Process exiting
Exiting without the bug reporter. Application will terminate with return code 0