Using pre-set license
Built from '2021.3/staging' branch; Version is '2021.3.26f1 (a16dc32e0ff2) revision 10579395'; Using compiler version '192829333'; Build Type 'Release'
OS: 'Windows 11  (10.0.22621) 64bit CoreSingleLanguage' Language: 'es' Physical Memory: 7968 MB
BatchMode: 1, IsHumanControllingUs: 0, StartBugReporterOnCrash: 0, Is64bit: 1, IsPro: 1

COMMAND LINE ARGUMENTS:
C:\Program Files\Unity\Hub\Editor\2021.3.26f1\Editor\Unity.exe
-adb2
-batchMode
-noUpm
-name
AssetImportWorker10
-projectPath
C:/Users/Kevin Velandia/Desktop/PROTECTOS UNITY/RETO2_CH2
-logFile
Logs/AssetImportWorker10.log
-srvPort
57110
Successfully changed project path to: C:/Users/Kevin Velandia/Desktop/PROTECTOS UNITY/RETO2_CH2
C:/Users/Kevin Velandia/Desktop/PROTECTOS UNITY/RETO2_CH2
[UnityMemory] Configuration Parameters - Can be set up in boot.config
    "memorysetup-bucket-allocator-granularity=16"
    "memorysetup-bucket-allocator-bucket-count=8"
    "memorysetup-bucket-allocator-block-size=33554432"
    "memorysetup-bucket-allocator-block-count=8"
    "memorysetup-main-allocator-block-size=16777216"
    "memorysetup-thread-allocator-block-size=16777216"
    "memorysetup-gfx-main-allocator-block-size=16777216"
    "memorysetup-gfx-thread-allocator-block-size=16777216"
    "memorysetup-cache-allocator-block-size=4194304"
    "memorysetup-typetree-allocator-block-size=2097152"
    "memorysetup-profiler-bucket-allocator-granularity=16"
    "memorysetup-profiler-bucket-allocator-bucket-count=8"
    "memorysetup-profiler-bucket-allocator-block-size=33554432"
    "memorysetup-profiler-bucket-allocator-block-count=8"
    "memorysetup-profiler-allocator-block-size=16777216"
    "memorysetup-profiler-editor-allocator-block-size=1048576"
    "memorysetup-temp-allocator-size-main=16777216"
    "memorysetup-job-temp-allocator-block-size=2097152"
    "memorysetup-job-temp-allocator-block-size-background=1048576"
    "memorysetup-job-temp-allocator-reduction-small-platforms=262144"
    "memorysetup-temp-allocator-size-background-worker=32768"
    "memorysetup-temp-allocator-size-job-worker=262144"
    "memorysetup-temp-allocator-size-preload-manager=33554432"
    "memorysetup-temp-allocator-size-nav-mesh-worker=65536"
    "memorysetup-temp-allocator-size-audio-worker=65536"
    "memorysetup-temp-allocator-size-cloud-worker=32768"
    "memorysetup-temp-allocator-size-gi-baking-worker=262144"
    "memorysetup-temp-allocator-size-gfx=262144"
Player connection [16484] Host "[IP] 192.168.1.2 [Port] 0 [Flags] 2 [Guid] 2861752736 [EditorId] 2861752736 [Version] 1048832 [Id] WindowsEditor(7,LAPTOP-SRC20J2O) [Debug] 1 [PackageName] WindowsEditor [ProjectName] Editor" joined multi-casting on [225.0.0.222:54997]...

Player connection [16484] Host "[IP] 192.168.1.2 [Port] 0 [Flags] 2 [Guid] 2861752736 [EditorId] 2861752736 [Version] 1048832 [Id] WindowsEditor(7,LAPTOP-SRC20J2O) [Debug] 1 [PackageName] WindowsEditor [ProjectName] Editor" joined alternative multi-casting on [225.0.0.222:34997]...

Refreshing native plugins compatible for Editor in 114.89 ms, found 3 plugins.
Preloading 0 native plugins for Editor in 0.00 ms.
Initialize engine version: 2021.3.26f1 (a16dc32e0ff2)
[Subsystems] Discovering subsystems at path C:/Program Files/Unity/Hub/Editor/2021.3.26f1/Editor/Data/Resources/UnitySubsystems
[Subsystems] Discovering subsystems at path C:/Users/Kevin Velandia/Desktop/PROTECTOS UNITY/RETO2_CH2/Assets
GfxDevice: creating device client; threaded=0; jobified=0
Direct3D:
    Version:  Direct3D 11.0 [level 11.1]
    Renderer: NVIDIA GeForce GTX 1650 (ID=0x1f99)
    Vendor:   NVIDIA
    VRAM:     3962 MB
    Driver:   30.0.15.1278
Initialize mono
Mono path[0] = 'C:/Program Files/Unity/Hub/Editor/2021.3.26f1/Editor/Data/Managed'
Mono path[1] = 'C:/Program Files/Unity/Hub/Editor/2021.3.26f1/Editor/Data/MonoBleedingEdge/lib/mono/unityjit-win32'
Mono config path = 'C:/Program Files/Unity/Hub/Editor/2021.3.26f1/Editor/Data/MonoBleedingEdge/etc'
Using monoOptions --debugger-agent=transport=dt_socket,embedding=1,server=y,suspend=n,address=127.0.0.1:56432
Begin MonoManager ReloadAssembly
Registering precompiled unity dll's ...
Register platform support module: C:/Program Files/Unity/Hub/Editor/2021.3.26f1/Editor/Data/PlaybackEngines/AndroidPlayer/UnityEditor.Android.Extensions.dll
Register platform support module: C:/Program Files/Unity/Hub/Editor/2021.3.26f1/Editor/Data/PlaybackEngines/WindowsStandaloneSupport/UnityEditor.WindowsStandalone.Extensions.dll
Registered in 0.013254 seconds.
Native extension for WindowsStandalone target not found
Native extension for Android target not found
Android Extension - Scanning For ADB Devices 357 ms
Refreshing native plugins compatible for Editor in 84.02 ms, found 3 plugins.
Preloading 0 native plugins for Editor in 0.00 ms.
Mono: successfully reloaded assembly
- Completed reload, in  1.373 seconds
Domain Reload Profiling:
	ReloadAssembly (1373ms)
		BeginReloadAssembly (200ms)
			ExecutionOrderSort (0ms)
			DisableScriptedObjects (0ms)
			BackupInstance (0ms)
			ReleaseScriptingObjects (0ms)
			CreateAndSetChildDomain (2ms)
		EndReloadAssembly (981ms)
			LoadAssemblies (196ms)
			RebuildTransferFunctionScriptingTraits (0ms)
			SetupTypeCache (171ms)
			ReleaseScriptCaches (0ms)
			RebuildScriptCaches (41ms)
			SetupLoadedEditorAssemblies (703ms)
				LogAssemblyErrors (0ms)
				InitializePlatformSupportModulesInManaged (466ms)
				SetLoadedEditorAssemblies (0ms)
				RefreshPlugins (84ms)
				BeforeProcessingInitializeOnLoad (1ms)
				ProcessInitializeOnLoadAttributes (96ms)
				ProcessInitializeOnLoadMethodAttributes (56ms)
				AfterProcessingInitializeOnLoad (0ms)
				EditorAssembliesLoaded (0ms)
			ExecutionOrderSort2 (0ms)
			AwakeInstancesAfterBackupRestoration (0ms)
Platform modules already initialized, skipping
Registering precompiled user dll's ...
Registered in 0.016415 seconds.
Begin MonoManager ReloadAssembly
Symbol file LoadedFromMemory doesn't match image C:\Users\Kevin Velandia\Desktop\PROTECTOS UNITY\RETO2_CH2\Library\PackageCache\com.unity.visualscripting@1.8.0\Editor\VisualScripting.Core\Dependencies\YamlDotNet\Unity.VisualScripting.YamlDotNet.dll
Symbol file LoadedFromMemory doesn't match image C:\Users\Kevin Velandia\Desktop\PROTECTOS UNITY\RETO2_CH2\Library\PackageCache\com.unity.visualscripting@1.8.0\Editor\VisualScripting.Core\Dependencies\DotNetZip\Unity.VisualScripting.IonicZip.dll
Native extension for WindowsStandalone target not found
Native extension for Android target not found
Refreshing native plugins compatible for Editor in 0.52 ms, found 3 plugins.
Preloading 0 native plugins for Editor in 0.00 ms.
Mono: successfully reloaded assembly
- Completed reload, in  1.261 seconds
Domain Reload Profiling:
	ReloadAssembly (1262ms)
		BeginReloadAssembly (183ms)
			ExecutionOrderSort (0ms)
			DisableScriptedObjects (7ms)
			BackupInstance (0ms)
			ReleaseScriptingObjects (0ms)
			CreateAndSetChildDomain (32ms)
		EndReloadAssembly (954ms)
			LoadAssemblies (176ms)
			RebuildTransferFunctionScriptingTraits (0ms)
			SetupTypeCache (298ms)
			ReleaseScriptCaches (1ms)
			RebuildScriptCaches (55ms)
			SetupLoadedEditorAssemblies (424ms)
				LogAssemblyErrors (0ms)
				InitializePlatformSupportModulesInManaged (20ms)
				SetLoadedEditorAssemblies (0ms)
				RefreshPlugins (1ms)
				BeforeProcessingInitializeOnLoad (83ms)
				ProcessInitializeOnLoadAttributes (289ms)
				ProcessInitializeOnLoadMethodAttributes (23ms)
				AfterProcessingInitializeOnLoad (8ms)
				EditorAssembliesLoaded (0ms)
			ExecutionOrderSort2 (0ms)
			AwakeInstancesAfterBackupRestoration (6ms)
Platform modules already initialized, skipping
========================================================================
Worker process is ready to serve import requests
Launched and connected shader compiler UnityShaderCompiler.exe after 0.06 seconds
Refreshing native plugins compatible for Editor in 0.68 ms, found 3 plugins.
Preloading 0 native plugins for Editor in 0.00 ms.
Unloading 3266 Unused Serialized files (Serialized files now loaded: 0)
Unloading 35 unused Assets / (357.2 KB). Loaded Objects now: 3733.
Memory consumption went from 122.8 MB to 122.4 MB.
Total: 3.136700 ms (FindLiveObjects: 0.343200 ms CreateObjectMapping: 0.269300 ms MarkObjects: 2.440200 ms  DeleteObjects: 0.083100 ms)

AssetImportParameters requested are different than current active one (requested -> active):
  custom:video-decoder-ogg-theora: a1e56fd34408186e4bbccfd4996cb3dc -> 
  custom:container-muxer-webm: aa71ff27fc2769a1b78a27578f13a17b -> 
  custom:container-demuxer-webm: 4f35f7cbe854078d1ac9338744f61a02 -> 
  custom:video-encoder-webm-vp8: eb34c28f22e8b96e1ab97ce403110664 -> 
  custom:video-codec-MediaFoundation-h265: 746d11721c4dcdbdad8f713fa42b33f4 -> 
  custom:audio-encoder-webm-vorbis: bf7c407c2cedff20999df2af8eb42d56 -> 
  custom:framework-win-MediaFoundation: 216162199b28c13a410421893ffa2e32 -> 
  custom:container-demuxer-ogg: 62fdf1f143b41e24485cea50d1cbac27 -> 
  custom:video-decoder-webm-vp8: 9c59270c3fd7afecdb556c50c9e8de78 -> 
  custom:audio-decoder-ogg-vorbis: bf7c407c2cedff20999df2af8eb42d56 -> 
========================================================================
Received Import Request.
  Time since last request: 1084631.678586 seconds.
  path: Assets/Models/RaceKit/Models/FBX format/bannerTowerRed.fbx
  artifactKey: Guid(ebf3dff0287b8d24d932908f382363e4) Importer(815301076,1909f56bfc062723c751e8b465ee728b)
Start importing Assets/Models/RaceKit/Models/FBX format/bannerTowerRed.fbx using Guid(ebf3dff0287b8d24d932908f382363e4) Importer(815301076,1909f56bfc062723c751e8b465ee728b)  -> (artifact id: 'bcf49d80623a358e24e3d93155548d20') in 0.211498 seconds 
========================================================================
Received Import Request.
  Time since last request: 0.000044 seconds.
  path: Assets/Models/RaceKit/Models/FBX format/billboardLow.fbx
  artifactKey: Guid(16dc5dba19212bd4386c710a9f15000f) Importer(815301076,1909f56bfc062723c751e8b465ee728b)
Start importing Assets/Models/RaceKit/Models/FBX format/billboardLow.fbx using Guid(16dc5dba19212bd4386c710a9f15000f) Importer(815301076,1909f56bfc062723c751e8b465ee728b)  -> (artifact id: 'b14ab14eb47c4ddedb36c9fe918bb5c1') in 0.114984 seconds 
========================================================================
Received Import Request.
  Time since last request: 0.000063 seconds.
  path: Assets/Models/RaceKit/Models/FBX format/fenceCurved.fbx
  artifactKey: Guid(2e754446a1ffd5f419b3e5cc89d6ea9b) Importer(815301076,1909f56bfc062723c751e8b465ee728b)
Start importing Assets/Models/RaceKit/Models/FBX format/fenceCurved.fbx using Guid(2e754446a1ffd5f419b3e5cc89d6ea9b) Importer(815301076,1909f56bfc062723c751e8b465ee728b)  -> (artifact id: 'c3ad22d37ef2da5c54769bfedf0eefaa') in 0.059144 seconds 
========================================================================
Received Import Request.
  Time since last request: 0.000047 seconds.
  path: Assets/Models/RaceKit/Models/FBX format/grass.fbx
  artifactKey: Guid(2c6d6de6e5b6bb1428f05c5b323c28e6) Importer(815301076,1909f56bfc062723c751e8b465ee728b)
Start importing Assets/Models/RaceKit/Models/FBX format/grass.fbx using Guid(2c6d6de6e5b6bb1428f05c5b323c28e6) Importer(815301076,1909f56bfc062723c751e8b465ee728b)  -> (artifact id: '66d21d57081ccca70a7c7a079d3f5c39') in 0.051524 seconds 
========================================================================
Received Import Request.
  Time since last request: 0.000058 seconds.
  path: Assets/Models/RaceKit/Models/FBX format/grandStandRound.fbx
  artifactKey: Guid(a69e89e159d5912499b12f0e57cb3752) Importer(815301076,1909f56bfc062723c751e8b465ee728b)
Start importing Assets/Models/RaceKit/Models/FBX format/grandStandRound.fbx using Guid(a69e89e159d5912499b12f0e57cb3752) Importer(815301076,1909f56bfc062723c751e8b465ee728b)  -> (artifact id: 'c6c5b401ea9f87d51ceab9c3f2e4284c') in 0.078704 seconds 
========================================================================
Received Import Request.
  Time since last request: 0.000087 seconds.
  path: Assets/Models/RaceKit/Models/FBX format/overheadLights.fbx
  artifactKey: Guid(9558391506d16c442b771131a9de3c08) Importer(815301076,1909f56bfc062723c751e8b465ee728b)
Start importing Assets/Models/RaceKit/Models/FBX format/overheadLights.fbx using Guid(9558391506d16c442b771131a9de3c08) Importer(815301076,1909f56bfc062723c751e8b465ee728b)  -> (artifact id: 'afad944441cbc10d072ee8eb8deeb95b') in 0.061462 seconds 
========================================================================
Received Import Request.
  Time since last request: 0.000047 seconds.
  path: Assets/Models/RaceKit/Models/FBX format/overhead.fbx
  artifactKey: Guid(7a7587e6de4ad5243a07159f40843b75) Importer(815301076,1909f56bfc062723c751e8b465ee728b)
Start importing Assets/Models/RaceKit/Models/FBX format/overhead.fbx using Guid(7a7587e6de4ad5243a07159f40843b75) Importer(815301076,1909f56bfc062723c751e8b465ee728b)  -> (artifact id: '4a48520cac5b3634f1daa1e9ff4a3b93') in 0.050741 seconds 
========================================================================
Received Import Request.
  Time since last request: 0.000049 seconds.
  path: Assets/Models/RaceKit/Models/FBX format/lightPostLarge.fbx
  artifactKey: Guid(74e1aba28caf96645b047f785e292455) Importer(815301076,1909f56bfc062723c751e8b465ee728b)
Start importing Assets/Models/RaceKit/Models/FBX format/lightPostLarge.fbx using Guid(74e1aba28caf96645b047f785e292455) Importer(815301076,1909f56bfc062723c751e8b465ee728b)  -> (artifact id: '59b06ec26be3c39c6fbdebc3f875f0dc') in 0.064561 seconds 
========================================================================
Received Import Request.
  Time since last request: 0.000058 seconds.
  path: Assets/Models/RaceKit/Models/FBX format/grandStandCovered.fbx
  artifactKey: Guid(d4ca9bd5bf37f5643b4ad6b7a0a8f452) Importer(815301076,1909f56bfc062723c751e8b465ee728b)
Start importing Assets/Models/RaceKit/Models/FBX format/grandStandCovered.fbx using Guid(d4ca9bd5bf37f5643b4ad6b7a0a8f452) Importer(815301076,1909f56bfc062723c751e8b465ee728b)  -> (artifact id: 'b1a8bec27abffc4c8f51f58c35afd070') in 0.077295 seconds 
========================================================================
Received Import Request.
  Time since last request: 0.000043 seconds.
  path: Assets/Models/RaceKit/Models/FBX format/lightPostModern.fbx
  artifactKey: Guid(697a77186e30d8848bdd2b0a1384ca23) Importer(815301076,1909f56bfc062723c751e8b465ee728b)
Start importing Assets/Models/RaceKit/Models/FBX format/lightPostModern.fbx using Guid(697a77186e30d8848bdd2b0a1384ca23) Importer(815301076,1909f56bfc062723c751e8b465ee728b)  -> (artifact id: '7f12098efc433eae0581c78b451715f2') in 0.050581 seconds 
========================================================================
Received Import Request.
  Time since last request: 0.122194 seconds.
  path: Assets/Models/RaceKit/Models/FBX format/pitsOfficeCorner.fbx
  artifactKey: Guid(f1a3550cfbc60064ea5c8d75502b2150) Importer(815301076,1909f56bfc062723c751e8b465ee728b)
Start importing Assets/Models/RaceKit/Models/FBX format/pitsOfficeCorner.fbx using Guid(f1a3550cfbc60064ea5c8d75502b2150) Importer(815301076,1909f56bfc062723c751e8b465ee728b)  -> (artifact id: 'e525035aad540832472f50448d70f87f') in 0.048218 seconds 
========================================================================
Received Import Request.
  Time since last request: 0.000044 seconds.
  path: Assets/Models/RaceKit/Models/FBX format/radarEquipment.fbx
  artifactKey: Guid(a5a032cae713a3d4ba1b048da718024f) Importer(815301076,1909f56bfc062723c751e8b465ee728b)
Start importing Assets/Models/RaceKit/Models/FBX format/radarEquipment.fbx using Guid(a5a032cae713a3d4ba1b048da718024f) Importer(815301076,1909f56bfc062723c751e8b465ee728b)  -> (artifact id: '4461919f261ac058572a9e892a6c9d26') in 0.059043 seconds 
========================================================================
Received Import Request.
  Time since last request: 0.000050 seconds.
  path: Assets/Models/RaceKit/Models/FBX format/raceCarWhite.fbx
  artifactKey: Guid(60814229978e7f849aa5ffa484e6cc79) Importer(815301076,1909f56bfc062723c751e8b465ee728b)
Start importing Assets/Models/RaceKit/Models/FBX format/raceCarWhite.fbx using Guid(60814229978e7f849aa5ffa484e6cc79) Importer(815301076,1909f56bfc062723c751e8b465ee728b)  -> (artifact id: 'c385bd60d058af5af404c65c8c0436f1') in 0.097438 seconds 
========================================================================
Received Import Request.
  Time since last request: 0.123472 seconds.
  path: Assets/Models/RaceKit/Models/FBX format/railDouble.fbx
  artifactKey: Guid(007ee0b90ae984d4aac820fb98d35918) Importer(815301076,1909f56bfc062723c751e8b465ee728b)
Start importing Assets/Models/RaceKit/Models/FBX format/railDouble.fbx using Guid(007ee0b90ae984d4aac820fb98d35918) Importer(815301076,1909f56bfc062723c751e8b465ee728b)  -> (artifact id: 'c3eadfc65f2e973ffd1f8fe7cb156b48') in 0.070618 seconds 
========================================================================
Received Import Request.
  Time since last request: 0.000034 seconds.
  path: Assets/Models/RaceKit/Models/FBX format/roadCornerLarger.fbx
  artifactKey: Guid(d2e566b581987504781147f5cc582db1) Importer(815301076,1909f56bfc062723c751e8b465ee728b)
Start importing Assets/Models/RaceKit/Models/FBX format/roadCornerLarger.fbx using Guid(d2e566b581987504781147f5cc582db1) Importer(815301076,1909f56bfc062723c751e8b465ee728b)  -> (artifact id: '56cb5401c402e0661cfac9461e535549') in 0.083737 seconds 
========================================================================
Received Import Request.
  Time since last request: 0.000058 seconds.
  path: Assets/Models/RaceKit/Models/FBX format/roadCornerSmallBorder.fbx
  artifactKey: Guid(7d22f45a008501c41a58d6ce58ca8386) Importer(815301076,1909f56bfc062723c751e8b465ee728b)
Start importing Assets/Models/RaceKit/Models/FBX format/roadCornerSmallBorder.fbx using Guid(7d22f45a008501c41a58d6ce58ca8386) Importer(815301076,1909f56bfc062723c751e8b465ee728b)  -> (artifact id: '8852251ee858a1b473b2c6619cb0aaf0') in 0.066409 seconds 
========================================================================
Received Import Request.
  Time since last request: 0.000058 seconds.
  path: Assets/Models/RaceKit/Models/FBX format/roadCornerBridgeSmall.fbx
  artifactKey: Guid(a23aaae9bdf3b6441914c9e4fab43adb) Importer(815301076,1909f56bfc062723c751e8b465ee728b)
Start importing Assets/Models/RaceKit/Models/FBX format/roadCornerBridgeSmall.fbx using Guid(a23aaae9bdf3b6441914c9e4fab43adb) Importer(815301076,1909f56bfc062723c751e8b465ee728b)  -> (artifact id: 'b1cd377e8f5256a95196d047f91acd06') in 0.066002 seconds 
========================================================================
Received Import Request.
  Time since last request: 0.000048 seconds.
  path: Assets/Models/RaceKit/Models/FBX format/roadCornerLargerBorderInner.fbx
  artifactKey: Guid(88d50b50ae5e5fc4c842921f6d056d0e) Importer(815301076,1909f56bfc062723c751e8b465ee728b)
Start importing Assets/Models/RaceKit/Models/FBX format/roadCornerLargerBorderInner.fbx using Guid(88d50b50ae5e5fc4c842921f6d056d0e) Importer(815301076,1909f56bfc062723c751e8b465ee728b)  -> (artifact id: 'f8b75c28ff1bee2b340669ec9240dbf4') in 0.066889 seconds 
========================================================================
Received Import Request.
  Time since last request: 0.000056 seconds.
  path: Assets/Models/RaceKit/Models/FBX format/roadCornerLargeWall.fbx
  artifactKey: Guid(6672dc3b281033743adbf767439db59d) Importer(815301076,1909f56bfc062723c751e8b465ee728b)
Start importing Assets/Models/RaceKit/Models/FBX format/roadCornerLargeWall.fbx using Guid(6672dc3b281033743adbf767439db59d) Importer(815301076,1909f56bfc062723c751e8b465ee728b)  -> (artifact id: 'eea7f025e6a9f9be73584995e733df02') in 0.060808 seconds 
========================================================================
Received Import Request.
  Time since last request: 0.000058 seconds.
  path: Assets/Models/RaceKit/Models/FBX format/roadSplitLarger.fbx
  artifactKey: Guid(53e5fe2566cd42f47aeac03bc08a406e) Importer(815301076,1909f56bfc062723c751e8b465ee728b)
Start importing Assets/Models/RaceKit/Models/FBX format/roadSplitLarger.fbx using Guid(53e5fe2566cd42f47aeac03bc08a406e) Importer(815301076,1909f56bfc062723c751e8b465ee728b)  -> (artifact id: 'e265d4bdc47ec2c8dea810499449edee') in 0.063725 seconds 
========================================================================
Received Import Request.
  Time since last request: 0.000077 seconds.
  path: Assets/Models/RaceKit/Models/FBX format/roadSide.fbx
  artifactKey: Guid(b5ab0afe6aeb9a6458d09910c73d1b54) Importer(815301076,1909f56bfc062723c751e8b465ee728b)
Start importing Assets/Models/RaceKit/Models/FBX format/roadSide.fbx using Guid(b5ab0afe6aeb9a6458d09910c73d1b54) Importer(815301076,1909f56bfc062723c751e8b465ee728b)  -> (artifact id: 'a8e8ef98d194a75f83fa22c307fa4660') in 0.062806 seconds 
========================================================================
Received Import Request.
  Time since last request: 0.000031 seconds.
  path: Assets/Models/RaceKit/Models/FBX format/roadRampLongCurvedWall.fbx
  artifactKey: Guid(6b6e726efcd95ca498c436a98fc59c77) Importer(815301076,1909f56bfc062723c751e8b465ee728b)
Start importing Assets/Models/RaceKit/Models/FBX format/roadRampLongCurvedWall.fbx using Guid(6b6e726efcd95ca498c436a98fc59c77) Importer(815301076,1909f56bfc062723c751e8b465ee728b)  -> (artifact id: 'dd9ef680a85d772035c76bb0f8719bc1') in 0.066169 seconds 
========================================================================
Received Import Request.
  Time since last request: 0.000037 seconds.
  path: Assets/Models/RaceKit/Models/FBX format/roadRampLong.fbx
  artifactKey: Guid(b2e6fcf14c9890b49be4e473f12dded9) Importer(815301076,1909f56bfc062723c751e8b465ee728b)
Start importing Assets/Models/RaceKit/Models/FBX format/roadRampLong.fbx using Guid(b2e6fcf14c9890b49be4e473f12dded9) Importer(815301076,1909f56bfc062723c751e8b465ee728b)  -> (artifact id: '5f7923e4380ef272e24328ea89bec5ff') in 0.056745 seconds 
========================================================================
Received Import Request.
  Time since last request: 0.000039 seconds.
  path: Assets/Models/RaceKit/Models/FBX format/roadCornerBridgeLarge.fbx
  artifactKey: Guid(9bb7af7fdeb642f4fbd096d12efdd906) Importer(815301076,1909f56bfc062723c751e8b465ee728b)
Start importing Assets/Models/RaceKit/Models/FBX format/roadCornerBridgeLarge.fbx using Guid(9bb7af7fdeb642f4fbd096d12efdd906) Importer(815301076,1909f56bfc062723c751e8b465ee728b)  -> (artifact id: 'c6cfc2243946539a7dd57c721b8c9767') in 0.060491 seconds 
========================================================================
Received Import Request.
  Time since last request: 0.000059 seconds.
  path: Assets/Models/RaceKit/Models/FBX format/roadStraightBridge.fbx
  artifactKey: Guid(a6391ae968f479d4da6191ce5b6efd45) Importer(815301076,1909f56bfc062723c751e8b465ee728b)
Start importing Assets/Models/RaceKit/Models/FBX format/roadStraightBridge.fbx using Guid(a6391ae968f479d4da6191ce5b6efd45) Importer(815301076,1909f56bfc062723c751e8b465ee728b)  -> (artifact id: '0a9ef6137e5e62ff7876ec8fe63c9e2b') in 0.061637 seconds 
========================================================================
Received Import Request.
  Time since last request: 0.000039 seconds.
  path: Assets/Models/RaceKit/Models/FBX format/roadCornerBridgeLarger.fbx
  artifactKey: Guid(f3f2c6d2810dc7748bdbba0bba11c022) Importer(815301076,1909f56bfc062723c751e8b465ee728b)
Start importing Assets/Models/RaceKit/Models/FBX format/roadCornerBridgeLarger.fbx using Guid(f3f2c6d2810dc7748bdbba0bba11c022) Importer(815301076,1909f56bfc062723c751e8b465ee728b)  -> (artifact id: 'a2efe2590edfb6d96548d07bfcce72f6') in 0.117773 seconds 
========================================================================
Received Import Request.
  Time since last request: 0.000302 seconds.
  path: Assets/Models/RaceKit/Models/FBX format/roadStraightSkew.fbx
  artifactKey: Guid(050081aeb6121474f82aaadebf061c2b) Importer(815301076,1909f56bfc062723c751e8b465ee728b)
Start importing Assets/Models/RaceKit/Models/FBX format/roadStraightSkew.fbx using Guid(050081aeb6121474f82aaadebf061c2b) Importer(815301076,1909f56bfc062723c751e8b465ee728b)  -> (artifact id: 'fd66d5b2437a5fc2224aabe246c4dd90') in 0.066418 seconds 
========================================================================
Received Import Request.
  Time since last request: 0.000101 seconds.
  path: Assets/Models/RaceKit/Models/FBX format/roadStraightLongBump.fbx
  artifactKey: Guid(c52b27770efacc042a35c965cd2112b7) Importer(815301076,1909f56bfc062723c751e8b465ee728b)
Start importing Assets/Models/RaceKit/Models/FBX format/roadStraightLongBump.fbx using Guid(c52b27770efacc042a35c965cd2112b7) Importer(815301076,1909f56bfc062723c751e8b465ee728b)  -> (artifact id: '26229585efff1a2152398b4a23ecddb6') in 0.054372 seconds 
========================================================================
Received Import Request.
  Time since last request: 7.906766 seconds.
  path: Assets/Models/RaceKit/Models/FBX format/tentRoofDouble.fbx
  artifactKey: Guid(b91c6d5e582068a488bbb5dcb5bac880) Importer(815301076,1909f56bfc062723c751e8b465ee728b)
Start importing Assets/Models/RaceKit/Models/FBX format/tentRoofDouble.fbx using Guid(b91c6d5e582068a488bbb5dcb5bac880) Importer(815301076,1909f56bfc062723c751e8b465ee728b)  -> (artifact id: '1d113f88ced2fd52247807d05b8a834b') in 0.085838 seconds 
========================================================================
Received Prepare
Registering precompiled user dll's ...
Registered in 0.006614 seconds.
Begin MonoManager ReloadAssembly
Symbol file LoadedFromMemory doesn't match image C:\Users\Kevin Velandia\Desktop\PROTECTOS UNITY\RETO2_CH2\Library\PackageCache\com.unity.visualscripting@1.8.0\Editor\VisualScripting.Core\Dependencies\YamlDotNet\Unity.VisualScripting.YamlDotNet.dll
Symbol file LoadedFromMemory doesn't match image C:\Users\Kevin Velandia\Desktop\PROTECTOS UNITY\RETO2_CH2\Library\PackageCache\com.unity.visualscripting@1.8.0\Editor\VisualScripting.Core\Dependencies\DotNetZip\Unity.VisualScripting.IonicZip.dll
Native extension for WindowsStandalone target not found
Native extension for Android target not found
Refreshing native plugins compatible for Editor in 0.96 ms, found 3 plugins.
Preloading 0 native plugins for Editor in 0.00 ms.
Mono: successfully reloaded assembly
- Completed reload, in  2.210 seconds
Domain Reload Profiling:
	ReloadAssembly (2215ms)
		BeginReloadAssembly (790ms)
			ExecutionOrderSort (1ms)
			DisableScriptedObjects (21ms)
			BackupInstance (0ms)
			ReleaseScriptingObjects (0ms)
			CreateAndSetChildDomain (423ms)
		EndReloadAssembly (1274ms)
			LoadAssemblies (203ms)
			RebuildTransferFunctionScriptingTraits (1ms)
			SetupTypeCache (461ms)
			ReleaseScriptCaches (3ms)
			RebuildScriptCaches (64ms)
			SetupLoadedEditorAssemblies (533ms)
				LogAssemblyErrors (0ms)
				InitializePlatformSupportModulesInManaged (37ms)
				SetLoadedEditorAssemblies (1ms)
				RefreshPlugins (1ms)
				BeforeProcessingInitializeOnLoad (82ms)
				ProcessInitializeOnLoadAttributes (357ms)
				ProcessInitializeOnLoadMethodAttributes (42ms)
				AfterProcessingInitializeOnLoad (13ms)
				EditorAssembliesLoaded (0ms)
			ExecutionOrderSort2 (0ms)
			AwakeInstancesAfterBackupRestoration (12ms)
Platform modules already initialized, skipping
Refreshing native plugins compatible for Editor in 5.40 ms, found 3 plugins.
Preloading 0 native plugins for Editor in 0.00 ms.
Unloading 3245 Unused Serialized files (Serialized files now loaded: 0)
Unloading 16 unused Assets / (95.4 KB). Loaded Objects now: 3791.
Memory consumption went from 121.1 MB to 121.0 MB.
Total: 13.323900 ms (FindLiveObjects: 0.726400 ms CreateObjectMapping: 0.634700 ms MarkObjects: 11.165600 ms  DeleteObjects: 0.795300 ms)

AssetImportParameters requested are different than current active one (requested -> active):
  custom:video-decoder-ogg-theora: a1e56fd34408186e4bbccfd4996cb3dc -> 
  custom:container-muxer-webm: aa71ff27fc2769a1b78a27578f13a17b -> 
  custom:container-demuxer-webm: 4f35f7cbe854078d1ac9338744f61a02 -> 
  custom:video-encoder-webm-vp8: eb34c28f22e8b96e1ab97ce403110664 -> 
  custom:video-codec-MediaFoundation-h265: 746d11721c4dcdbdad8f713fa42b33f4 -> 
  custom:audio-encoder-webm-vorbis: bf7c407c2cedff20999df2af8eb42d56 -> 
  custom:framework-win-MediaFoundation: 216162199b28c13a410421893ffa2e32 -> 
  custom:container-demuxer-ogg: 62fdf1f143b41e24485cea50d1cbac27 -> 
  custom:video-decoder-webm-vp8: 9c59270c3fd7afecdb556c50c9e8de78 -> 
  custom:audio-decoder-ogg-vorbis: bf7c407c2cedff20999df2af8eb42d56 -> 
========================================================================
Received Prepare
Registering precompiled user dll's ...
Registered in 0.004970 seconds.
Begin MonoManager ReloadAssembly
Symbol file LoadedFromMemory doesn't match image C:\Users\Kevin Velandia\Desktop\PROTECTOS UNITY\RETO2_CH2\Library\PackageCache\com.unity.visualscripting@1.8.0\Editor\VisualScripting.Core\Dependencies\YamlDotNet\Unity.VisualScripting.YamlDotNet.dll
Symbol file LoadedFromMemory doesn't match image C:\Users\Kevin Velandia\Desktop\PROTECTOS UNITY\RETO2_CH2\Library\PackageCache\com.unity.visualscripting@1.8.0\Editor\VisualScripting.Core\Dependencies\DotNetZip\Unity.VisualScripting.IonicZip.dll
Native extension for WindowsStandalone target not found
Native extension for Android target not found
Refreshing native plugins compatible for Editor in 1.18 ms, found 3 plugins.
Preloading 0 native plugins for Editor in 0.00 ms.
Mono: successfully reloaded assembly
- Completed reload, in  1.432 seconds
Domain Reload Profiling:
	ReloadAssembly (1433ms)
		BeginReloadAssembly (212ms)
			ExecutionOrderSort (0ms)
			DisableScriptedObjects (7ms)
			BackupInstance (0ms)
			ReleaseScriptingObjects (0ms)
			CreateAndSetChildDomain (49ms)
		EndReloadAssembly (1104ms)
			LoadAssemblies (157ms)
			RebuildTransferFunctionScriptingTraits (0ms)
			SetupTypeCache (424ms)
			ReleaseScriptCaches (2ms)
			RebuildScriptCaches (61ms)
			SetupLoadedEditorAssemblies (437ms)
				LogAssemblyErrors (0ms)
				InitializePlatformSupportModulesInManaged (29ms)
				SetLoadedEditorAssemblies (1ms)
				RefreshPlugins (1ms)
				BeforeProcessingInitializeOnLoad (83ms)
				ProcessInitializeOnLoadAttributes (286ms)
				ProcessInitializeOnLoadMethodAttributes (28ms)
				AfterProcessingInitializeOnLoad (10ms)
				EditorAssembliesLoaded (0ms)
			ExecutionOrderSort2 (0ms)
			AwakeInstancesAfterBackupRestoration (9ms)
Platform modules already initialized, skipping
Refreshing native plugins compatible for Editor in 2.07 ms, found 3 plugins.
Preloading 0 native plugins for Editor in 0.00 ms.
Unloading 3245 Unused Serialized files (Serialized files now loaded: 0)
Unloading 16 unused Assets / (95.3 KB). Loaded Objects now: 3806.
Memory consumption went from 121.1 MB to 121.0 MB.
Total: 3.783400 ms (FindLiveObjects: 0.520200 ms CreateObjectMapping: 0.376900 ms MarkObjects: 2.779000 ms  DeleteObjects: 0.105400 ms)

AssetImportParameters requested are different than current active one (requested -> active):
  custom:video-decoder-ogg-theora: a1e56fd34408186e4bbccfd4996cb3dc -> 
  custom:container-muxer-webm: aa71ff27fc2769a1b78a27578f13a17b -> 
  custom:container-demuxer-webm: 4f35f7cbe854078d1ac9338744f61a02 -> 
  custom:video-encoder-webm-vp8: eb34c28f22e8b96e1ab97ce403110664 -> 
  custom:video-codec-MediaFoundation-h265: 746d11721c4dcdbdad8f713fa42b33f4 -> 
  custom:audio-encoder-webm-vorbis: bf7c407c2cedff20999df2af8eb42d56 -> 
  custom:framework-win-MediaFoundation: 216162199b28c13a410421893ffa2e32 -> 
  custom:container-demuxer-ogg: 62fdf1f143b41e24485cea50d1cbac27 -> 
  custom:video-decoder-webm-vp8: 9c59270c3fd7afecdb556c50c9e8de78 -> 
  custom:audio-decoder-ogg-vorbis: bf7c407c2cedff20999df2af8eb42d56 -> 
========================================================================
Received Prepare
Registering precompiled user dll's ...
Registered in 0.004397 seconds.
Begin MonoManager ReloadAssembly
Symbol file LoadedFromMemory doesn't match image C:\Users\Kevin Velandia\Desktop\PROTECTOS UNITY\RETO2_CH2\Library\PackageCache\com.unity.visualscripting@1.8.0\Editor\VisualScripting.Core\Dependencies\YamlDotNet\Unity.VisualScripting.YamlDotNet.dll
Symbol file LoadedFromMemory doesn't match image C:\Users\Kevin Velandia\Desktop\PROTECTOS UNITY\RETO2_CH2\Library\PackageCache\com.unity.visualscripting@1.8.0\Editor\VisualScripting.Core\Dependencies\DotNetZip\Unity.VisualScripting.IonicZip.dll
Native extension for WindowsStandalone target not found
Native extension for Android target not found
Refreshing native plugins compatible for Editor in 0.56 ms, found 3 plugins.
Preloading 0 native plugins for Editor in 0.00 ms.
Mono: successfully reloaded assembly
- Completed reload, in  1.275 seconds
Domain Reload Profiling:
	ReloadAssembly (1276ms)
		BeginReloadAssembly (162ms)
			ExecutionOrderSort (0ms)
			DisableScriptedObjects (6ms)
			BackupInstance (0ms)
			ReleaseScriptingObjects (0ms)
			CreateAndSetChildDomain (40ms)
		EndReloadAssembly (1005ms)
			LoadAssemblies (108ms)
			RebuildTransferFunctionScriptingTraits (0ms)
			SetupTypeCache (357ms)
			ReleaseScriptCaches (1ms)
			RebuildScriptCaches (52ms)
			SetupLoadedEditorAssemblies (429ms)
				LogAssemblyErrors (0ms)
				InitializePlatformSupportModulesInManaged (25ms)
				SetLoadedEditorAssemblies (0ms)
				RefreshPlugins (1ms)
				BeforeProcessingInitializeOnLoad (71ms)
				ProcessInitializeOnLoadAttributes (295ms)
				ProcessInitializeOnLoadMethodAttributes (26ms)
				AfterProcessingInitializeOnLoad (11ms)
				EditorAssembliesLoaded (0ms)
			ExecutionOrderSort2 (0ms)
			AwakeInstancesAfterBackupRestoration (9ms)
Platform modules already initialized, skipping
Refreshing native plugins compatible for Editor in 2.69 ms, found 3 plugins.
Preloading 0 native plugins for Editor in 0.00 ms.
Unloading 3245 Unused Serialized files (Serialized files now loaded: 0)
Unloading 16 unused Assets / (95.4 KB). Loaded Objects now: 3821.
Memory consumption went from 121.1 MB to 121.0 MB.
Total: 3.753400 ms (FindLiveObjects: 0.355400 ms CreateObjectMapping: 0.186500 ms MarkObjects: 3.141600 ms  DeleteObjects: 0.068900 ms)

AssetImportParameters requested are different than current active one (requested -> active):
  custom:video-decoder-ogg-theora: a1e56fd34408186e4bbccfd4996cb3dc -> 
  custom:container-muxer-webm: aa71ff27fc2769a1b78a27578f13a17b -> 
  custom:container-demuxer-webm: 4f35f7cbe854078d1ac9338744f61a02 -> 
  custom:video-encoder-webm-vp8: eb34c28f22e8b96e1ab97ce403110664 -> 
  custom:video-codec-MediaFoundation-h265: 746d11721c4dcdbdad8f713fa42b33f4 -> 
  custom:audio-encoder-webm-vorbis: bf7c407c2cedff20999df2af8eb42d56 -> 
  custom:framework-win-MediaFoundation: 216162199b28c13a410421893ffa2e32 -> 
  custom:container-demuxer-ogg: 62fdf1f143b41e24485cea50d1cbac27 -> 
  custom:video-decoder-webm-vp8: 9c59270c3fd7afecdb556c50c9e8de78 -> 
  custom:audio-decoder-ogg-vorbis: bf7c407c2cedff20999df2af8eb42d56 -> 
========================================================================
Received Prepare
Registering precompiled user dll's ...
Registered in 0.004549 seconds.
Begin MonoManager ReloadAssembly
Symbol file LoadedFromMemory doesn't match image C:\Users\Kevin Velandia\Desktop\PROTECTOS UNITY\RETO2_CH2\Library\PackageCache\com.unity.visualscripting@1.8.0\Editor\VisualScripting.Core\Dependencies\YamlDotNet\Unity.VisualScripting.YamlDotNet.dll
Symbol file LoadedFromMemory doesn't match image C:\Users\Kevin Velandia\Desktop\PROTECTOS UNITY\RETO2_CH2\Library\PackageCache\com.unity.visualscripting@1.8.0\Editor\VisualScripting.Core\Dependencies\DotNetZip\Unity.VisualScripting.IonicZip.dll
Native extension for WindowsStandalone target not found
Native extension for Android target not found
Refreshing native plugins compatible for Editor in 0.56 ms, found 3 plugins.
Preloading 0 native plugins for Editor in 0.00 ms.
Mono: successfully reloaded assembly
- Completed reload, in  1.244 seconds
Domain Reload Profiling:
	ReloadAssembly (1246ms)
		BeginReloadAssembly (183ms)
			ExecutionOrderSort (0ms)
			DisableScriptedObjects (7ms)
			BackupInstance (0ms)
			ReleaseScriptingObjects (0ms)
			CreateAndSetChildDomain (44ms)
		EndReloadAssembly (957ms)
			LoadAssemblies (122ms)
			RebuildTransferFunctionScriptingTraits (0ms)
			SetupTypeCache (331ms)
			ReleaseScriptCaches (1ms)
			RebuildScriptCaches (55ms)
			SetupLoadedEditorAssemblies (418ms)
				LogAssemblyErrors (0ms)
				InitializePlatformSupportModulesInManaged (21ms)
				SetLoadedEditorAssemblies (0ms)
				RefreshPlugins (1ms)
				BeforeProcessingInitializeOnLoad (81ms)
				ProcessInitializeOnLoadAttributes (280ms)
				ProcessInitializeOnLoadMethodAttributes (24ms)
				AfterProcessingInitializeOnLoad (9ms)
				EditorAssembliesLoaded (0ms)
			ExecutionOrderSort2 (0ms)
			AwakeInstancesAfterBackupRestoration (9ms)
Platform modules already initialized, skipping
Refreshing native plugins compatible for Editor in 3.37 ms, found 3 plugins.
Preloading 0 native plugins for Editor in 0.00 ms.
Unloading 3245 Unused Serialized files (Serialized files now loaded: 0)
Unloading 16 unused Assets / (95.3 KB). Loaded Objects now: 3836.
Memory consumption went from 121.1 MB to 121.0 MB.
Total: 5.305300 ms (FindLiveObjects: 0.492700 ms CreateObjectMapping: 0.365500 ms MarkObjects: 4.401700 ms  DeleteObjects: 0.044000 ms)

AssetImportParameters requested are different than current active one (requested -> active):
  custom:video-decoder-ogg-theora: a1e56fd34408186e4bbccfd4996cb3dc -> 
  custom:container-muxer-webm: aa71ff27fc2769a1b78a27578f13a17b -> 
  custom:container-demuxer-webm: 4f35f7cbe854078d1ac9338744f61a02 -> 
  custom:video-encoder-webm-vp8: eb34c28f22e8b96e1ab97ce403110664 -> 
  custom:video-codec-MediaFoundation-h265: 746d11721c4dcdbdad8f713fa42b33f4 -> 
  custom:audio-encoder-webm-vorbis: bf7c407c2cedff20999df2af8eb42d56 -> 
  custom:framework-win-MediaFoundation: 216162199b28c13a410421893ffa2e32 -> 
  custom:container-demuxer-ogg: 62fdf1f143b41e24485cea50d1cbac27 -> 
  custom:video-decoder-webm-vp8: 9c59270c3fd7afecdb556c50c9e8de78 -> 
  custom:audio-decoder-ogg-vorbis: bf7c407c2cedff20999df2af8eb42d56 -> 
========================================================================
Received Prepare
Registering precompiled user dll's ...
Registered in 0.006002 seconds.
Begin MonoManager ReloadAssembly
Symbol file LoadedFromMemory doesn't match image C:\Users\Kevin Velandia\Desktop\PROTECTOS UNITY\RETO2_CH2\Library\PackageCache\com.unity.visualscripting@1.8.0\Editor\VisualScripting.Core\Dependencies\YamlDotNet\Unity.VisualScripting.YamlDotNet.dll
Symbol file LoadedFromMemory doesn't match image C:\Users\Kevin Velandia\Desktop\PROTECTOS UNITY\RETO2_CH2\Library\PackageCache\com.unity.visualscripting@1.8.0\Editor\VisualScripting.Core\Dependencies\DotNetZip\Unity.VisualScripting.IonicZip.dll
Native extension for WindowsStandalone target not found
Native extension for Android target not found
Refreshing native plugins compatible for Editor in 0.83 ms, found 3 plugins.
Preloading 0 native plugins for Editor in 0.00 ms.
Mono: successfully reloaded assembly
- Completed reload, in  1.223 seconds
Domain Reload Profiling:
	ReloadAssembly (1224ms)
		BeginReloadAssembly (153ms)
			ExecutionOrderSort (0ms)
			DisableScriptedObjects (5ms)
			BackupInstance (0ms)
			ReleaseScriptingObjects (0ms)
			CreateAndSetChildDomain (39ms)
		EndReloadAssembly (949ms)
			LoadAssemblies (111ms)
			RebuildTransferFunctionScriptingTraits (0ms)
			SetupTypeCache (310ms)
			ReleaseScriptCaches (1ms)
			RebuildScriptCaches (57ms)
			SetupLoadedEditorAssemblies (426ms)
				LogAssemblyErrors (0ms)
				InitializePlatformSupportModulesInManaged (27ms)
				SetLoadedEditorAssemblies (1ms)
				RefreshPlugins (1ms)
				BeforeProcessingInitializeOnLoad (85ms)
				ProcessInitializeOnLoadAttributes (277ms)
				ProcessInitializeOnLoadMethodAttributes (26ms)
				AfterProcessingInitializeOnLoad (9ms)
				EditorAssembliesLoaded (0ms)
			ExecutionOrderSort2 (0ms)
			AwakeInstancesAfterBackupRestoration (8ms)
Platform modules already initialized, skipping
Refreshing native plugins compatible for Editor in 2.66 ms, found 3 plugins.
Preloading 0 native plugins for Editor in 0.00 ms.
Unloading 3245 Unused Serialized files (Serialized files now loaded: 0)
Unloading 16 unused Assets / (95.4 KB). Loaded Objects now: 3851.
Memory consumption went from 121.2 MB to 121.1 MB.
Total: 4.219700 ms (FindLiveObjects: 0.555200 ms CreateObjectMapping: 0.454700 ms MarkObjects: 3.162600 ms  DeleteObjects: 0.046000 ms)

AssetImportParameters requested are different than current active one (requested -> active):
  custom:video-decoder-ogg-theora: a1e56fd34408186e4bbccfd4996cb3dc -> 
  custom:container-muxer-webm: aa71ff27fc2769a1b78a27578f13a17b -> 
  custom:container-demuxer-webm: 4f35f7cbe854078d1ac9338744f61a02 -> 
  custom:video-encoder-webm-vp8: eb34c28f22e8b96e1ab97ce403110664 -> 
  custom:video-codec-MediaFoundation-h265: 746d11721c4dcdbdad8f713fa42b33f4 -> 
  custom:audio-encoder-webm-vorbis: bf7c407c2cedff20999df2af8eb42d56 -> 
  custom:framework-win-MediaFoundation: 216162199b28c13a410421893ffa2e32 -> 
  custom:container-demuxer-ogg: 62fdf1f143b41e24485cea50d1cbac27 -> 
  custom:video-decoder-webm-vp8: 9c59270c3fd7afecdb556c50c9e8de78 -> 
  custom:audio-decoder-ogg-vorbis: bf7c407c2cedff20999df2af8eb42d56 -> 
========================================================================
Received Prepare
Registering precompiled user dll's ...
Registered in 0.004497 seconds.
Begin MonoManager ReloadAssembly
Symbol file LoadedFromMemory doesn't match image C:\Users\Kevin Velandia\Desktop\PROTECTOS UNITY\RETO2_CH2\Library\PackageCache\com.unity.visualscripting@1.8.0\Editor\VisualScripting.Core\Dependencies\YamlDotNet\Unity.VisualScripting.YamlDotNet.dll
Symbol file LoadedFromMemory doesn't match image C:\Users\Kevin Velandia\Desktop\PROTECTOS UNITY\RETO2_CH2\Library\PackageCache\com.unity.visualscripting@1.8.0\Editor\VisualScripting.Core\Dependencies\DotNetZip\Unity.VisualScripting.IonicZip.dll
Native extension for WindowsStandalone target not found
Native extension for Android target not found
Refreshing native plugins compatible for Editor in 0.68 ms, found 3 plugins.
Preloading 0 native plugins for Editor in 0.00 ms.
Mono: successfully reloaded assembly
- Completed reload, in  1.254 seconds
Domain Reload Profiling:
	ReloadAssembly (1255ms)
		BeginReloadAssembly (172ms)
			ExecutionOrderSort (0ms)
			DisableScriptedObjects (5ms)
			BackupInstance (0ms)
			ReleaseScriptingObjects (0ms)
			CreateAndSetChildDomain (45ms)
		EndReloadAssembly (988ms)
			LoadAssemblies (118ms)
			RebuildTransferFunctionScriptingTraits (0ms)
			SetupTypeCache (326ms)
			ReleaseScriptCaches (1ms)
			RebuildScriptCaches (50ms)
			SetupLoadedEditorAssemblies (449ms)
				LogAssemblyErrors (0ms)
				InitializePlatformSupportModulesInManaged (24ms)
				SetLoadedEditorAssemblies (0ms)
				RefreshPlugins (1ms)
				BeforeProcessingInitializeOnLoad (96ms)
				ProcessInitializeOnLoadAttributes (287ms)
				ProcessInitializeOnLoadMethodAttributes (31ms)
				AfterProcessingInitializeOnLoad (8ms)
				EditorAssembliesLoaded (0ms)
			ExecutionOrderSort2 (0ms)
			AwakeInstancesAfterBackupRestoration (7ms)
Platform modules already initialized, skipping
Refreshing native plugins compatible for Editor in 2.74 ms, found 3 plugins.
Preloading 0 native plugins for Editor in 0.00 ms.
Unloading 3245 Unused Serialized files (Serialized files now loaded: 0)
Unloading 16 unused Assets / (95.4 KB). Loaded Objects now: 3866.
Memory consumption went from 121.2 MB to 121.1 MB.
Total: 4.668300 ms (FindLiveObjects: 0.487900 ms CreateObjectMapping: 0.997500 ms MarkObjects: 3.139400 ms  DeleteObjects: 0.041900 ms)

AssetImportParameters requested are different than current active one (requested -> active):
  custom:video-decoder-ogg-theora: a1e56fd34408186e4bbccfd4996cb3dc -> 
  custom:container-muxer-webm: aa71ff27fc2769a1b78a27578f13a17b -> 
  custom:container-demuxer-webm: 4f35f7cbe854078d1ac9338744f61a02 -> 
  custom:video-encoder-webm-vp8: eb34c28f22e8b96e1ab97ce403110664 -> 
  custom:video-codec-MediaFoundation-h265: 746d11721c4dcdbdad8f713fa42b33f4 -> 
  custom:audio-encoder-webm-vorbis: bf7c407c2cedff20999df2af8eb42d56 -> 
  custom:framework-win-MediaFoundation: 216162199b28c13a410421893ffa2e32 -> 
  custom:container-demuxer-ogg: 62fdf1f143b41e24485cea50d1cbac27 -> 
  custom:video-decoder-webm-vp8: 9c59270c3fd7afecdb556c50c9e8de78 -> 
  custom:audio-decoder-ogg-vorbis: bf7c407c2cedff20999df2af8eb42d56 -> 
========================================================================
Received Prepare
Registering precompiled user dll's ...
Registered in 0.008220 seconds.
Begin MonoManager ReloadAssembly
Symbol file LoadedFromMemory doesn't match image C:\Users\Kevin Velandia\Desktop\PROTECTOS UNITY\RETO2_CH2\Library\PackageCache\com.unity.visualscripting@1.8.0\Editor\VisualScripting.Core\Dependencies\YamlDotNet\Unity.VisualScripting.YamlDotNet.dll
Symbol file LoadedFromMemory doesn't match image C:\Users\Kevin Velandia\Desktop\PROTECTOS UNITY\RETO2_CH2\Library\PackageCache\com.unity.visualscripting@1.8.0\Editor\VisualScripting.Core\Dependencies\DotNetZip\Unity.VisualScripting.IonicZip.dll
Native extension for WindowsStandalone target not found
Native extension for Android target not found
Refreshing native plugins compatible for Editor in 4.22 ms, found 3 plugins.
Preloading 0 native plugins for Editor in 0.00 ms.
Mono: successfully reloaded assembly
- Completed reload, in  1.785 seconds
Domain Reload Profiling:
	ReloadAssembly (1786ms)
		BeginReloadAssembly (256ms)
			ExecutionOrderSort (0ms)
			DisableScriptedObjects (8ms)
			BackupInstance (0ms)
			ReleaseScriptingObjects (0ms)
			CreateAndSetChildDomain (96ms)
		EndReloadAssembly (1393ms)
			LoadAssemblies (146ms)
			RebuildTransferFunctionScriptingTraits (0ms)
			SetupTypeCache (487ms)
			ReleaseScriptCaches (3ms)
			RebuildScriptCaches (97ms)
			SetupLoadedEditorAssemblies (588ms)
				LogAssemblyErrors (0ms)
				InitializePlatformSupportModulesInManaged (43ms)
				SetLoadedEditorAssemblies (1ms)
				RefreshPlugins (4ms)
				BeforeProcessingInitializeOnLoad (110ms)
				ProcessInitializeOnLoadAttributes (381ms)
				ProcessInitializeOnLoadMethodAttributes (39ms)
				AfterProcessingInitializeOnLoad (9ms)
				EditorAssembliesLoaded (0ms)
			ExecutionOrderSort2 (0ms)
			AwakeInstancesAfterBackupRestoration (12ms)
Platform modules already initialized, skipping
Refreshing native plugins compatible for Editor in 2.38 ms, found 3 plugins.
Preloading 0 native plugins for Editor in 0.00 ms.
Unloading 3245 Unused Serialized files (Serialized files now loaded: 0)
Unloading 16 unused Assets / (95.4 KB). Loaded Objects now: 3881.
Memory consumption went from 121.2 MB to 121.1 MB.
Total: 9.837600 ms (FindLiveObjects: 1.058600 ms CreateObjectMapping: 1.193600 ms MarkObjects: 7.479300 ms  DeleteObjects: 0.103900 ms)

AssetImportParameters requested are different than current active one (requested -> active):
  custom:video-decoder-ogg-theora: a1e56fd34408186e4bbccfd4996cb3dc -> 
  custom:container-muxer-webm: aa71ff27fc2769a1b78a27578f13a17b -> 
  custom:container-demuxer-webm: 4f35f7cbe854078d1ac9338744f61a02 -> 
  custom:video-encoder-webm-vp8: eb34c28f22e8b96e1ab97ce403110664 -> 
  custom:video-codec-MediaFoundation-h265: 746d11721c4dcdbdad8f713fa42b33f4 -> 
  custom:audio-encoder-webm-vorbis: bf7c407c2cedff20999df2af8eb42d56 -> 
  custom:framework-win-MediaFoundation: 216162199b28c13a410421893ffa2e32 -> 
  custom:container-demuxer-ogg: 62fdf1f143b41e24485cea50d1cbac27 -> 
  custom:video-decoder-webm-vp8: 9c59270c3fd7afecdb556c50c9e8de78 -> 
  custom:audio-decoder-ogg-vorbis: bf7c407c2cedff20999df2af8eb42d56 -> 
